<?xml version="1.0" encoding="UTF-8"?>
<robot generator="Robot 3.0 (Jython 2.7.0 on java1.8.0_71)" generated="20180218 12:02:15.906">
<suite source="C:\Users\Tara\cs310-tic-tac-toe\src\test\acceptancetest" name="Acceptancetest" id="s1">
<suite source="C:\Users\Tara\cs310-tic-tac-toe\src\test\acceptancetest\TicTacToeGUITests.robot" name="TicTacToeGUITests" id="s1-s1">
<test name="Win Diagonally as X" id="s1-s1-t1">
<kw name="Start New Game">
<kw library="SwingLibrary" name="Start Application">
<doc>Alias for `Launch Application` keyword</doc>
<arguments>
<arg>edu.jsu.mcis.TicTacToe</arg>
</arguments>
<msg level="FAIL" timestamp="20180218 12:02:34.448">RuntimeException</msg>
<status endtime="20180218 12:02:34.460" starttime="20180218 12:02:28.748" status="FAIL"></status>
</kw>
<status endtime="20180218 12:02:34.468" starttime="20180218 12:02:28.745" status="FAIL"></status>
</kw>
<status critical="yes" endtime="20180218 12:02:34.472" starttime="20180218 12:02:28.740" status="FAIL">RuntimeException</status>
</test>
<test name="Win Horizontally as O" id="s1-s1-t2">
<kw name="Start New Game">
<kw library="SwingLibrary" name="Start Application">
<doc>Alias for `Launch Application` keyword</doc>
<arguments>
<arg>edu.jsu.mcis.TicTacToe</arg>
</arguments>
<msg level="FAIL" timestamp="20180218 12:02:34.514">RuntimeException</msg>
<status endtime="20180218 12:02:34.517" starttime="20180218 12:02:34.487" status="FAIL"></status>
</kw>
<status endtime="20180218 12:02:34.520" starttime="20180218 12:02:34.483" status="FAIL"></status>
</kw>
<status critical="yes" endtime="20180218 12:02:34.523" starttime="20180218 12:02:34.478" status="FAIL">RuntimeException</status>
</test>
<test name="Force a Tie" id="s1-s1-t3">
<kw name="Start New Game">
<kw library="SwingLibrary" name="Start Application">
<doc>Alias for `Launch Application` keyword</doc>
<arguments>
<arg>edu.jsu.mcis.TicTacToe</arg>
</arguments>
<msg level="FAIL" timestamp="20180218 12:02:34.547">RuntimeException</msg>
<status endtime="20180218 12:02:34.549" starttime="20180218 12:02:34.534" status="FAIL"></status>
</kw>
<status endtime="20180218 12:02:34.551" starttime="20180218 12:02:34.532" status="FAIL"></status>
</kw>
<status critical="yes" endtime="20180218 12:02:34.552" starttime="20180218 12:02:34.527" status="FAIL">RuntimeException</status>
</test>
<status endtime="20180218 12:02:34.557" starttime="20180218 12:02:16.347" status="FAIL"></status>
</suite>
<suite source="C:\Users\Tara\cs310-tic-tac-toe\src\test\acceptancetest\TicTacToeTests.robot" name="TicTacToeTests" id="s1-s2">
<test name="Win Diagonally as X" id="s1-s2-t1">
<kw library="keywords.TicTacToeKeywords" name="Start New Game">
<status endtime="20180218 12:02:34.683" starttime="20180218 12:02:34.680" status="PASS"></status>
</kw>
<kw library="keywords.TicTacToeKeywords" name="Mark Location">
<arguments>
<arg>1</arg>
<arg>1</arg>
</arguments>
<status endtime="20180218 12:02:34.689" starttime="20180218 12:02:34.685" status="PASS"></status>
</kw>
<kw name="Check Location">
<arguments>
<arg>1</arg>
<arg>1</arg>
<arg>X</arg>
</arguments>
<kw library="keywords.TicTacToeKeywords" name="Get Mark">
<arguments>
<arg>${row}</arg>
<arg>${col}</arg>
</arguments>
<assign>
<var>${m}</var>
</assign>
<msg level="INFO" timestamp="20180218 12:02:34.701">${m} = X</msg>
<status endtime="20180218 12:02:34.702" starttime="20180218 12:02:34.695" status="PASS"></status>
</kw>
<kw library="BuiltIn" name="Should Be Equal">
<doc>Fails if the given objects are unequal.</doc>
<arguments>
<arg>${m}</arg>
<arg>${mark}</arg>
</arguments>
<status endtime="20180218 12:02:34.709" starttime="20180218 12:02:34.704" status="PASS"></status>
</kw>
<status endtime="20180218 12:02:34.711" starttime="20180218 12:02:34.690" status="PASS"></status>
</kw>
<kw library="keywords.TicTacToeKeywords" name="Mark Location">
<arguments>
<arg>0</arg>
<arg>1</arg>
</arguments>
<status endtime="20180218 12:02:34.714" starttime="20180218 12:02:34.712" status="PASS"></status>
</kw>
<kw name="Check Location">
<arguments>
<arg>0</arg>
<arg>1</arg>
<arg>O</arg>
</arguments>
<kw library="keywords.TicTacToeKeywords" name="Get Mark">
<arguments>
<arg>${row}</arg>
<arg>${col}</arg>
</arguments>
<assign>
<var>${m}</var>
</assign>
<msg level="INFO" timestamp="20180218 12:02:34.723">${m} = O</msg>
<status endtime="20180218 12:02:34.724" starttime="20180218 12:02:34.718" status="PASS"></status>
</kw>
<kw library="BuiltIn" name="Should Be Equal">
<doc>Fails if the given objects are unequal.</doc>
<arguments>
<arg>${m}</arg>
<arg>${mark}</arg>
</arguments>
<status endtime="20180218 12:02:34.728" starttime="20180218 12:02:34.725" status="PASS"></status>
</kw>
<status endtime="20180218 12:02:34.730" starttime="20180218 12:02:34.715" status="PASS"></status>
</kw>
<kw library="keywords.TicTacToeKeywords" name="Mark Location">
<arguments>
<arg>0</arg>
<arg>0</arg>
</arguments>
<status endtime="20180218 12:02:34.735" starttime="20180218 12:02:34.731" status="PASS"></status>
</kw>
<kw name="Check Location">
<arguments>
<arg>0</arg>
<arg>0</arg>
<arg>X</arg>
</arguments>
<kw library="keywords.TicTacToeKeywords" name="Get Mark">
<arguments>
<arg>${row}</arg>
<arg>${col}</arg>
</arguments>
<assign>
<var>${m}</var>
</assign>
<msg level="INFO" timestamp="20180218 12:02:34.742">${m} = X</msg>
<status endtime="20180218 12:02:34.743" starttime="20180218 12:02:34.739" status="PASS"></status>
</kw>
<kw library="BuiltIn" name="Should Be Equal">
<doc>Fails if the given objects are unequal.</doc>
<arguments>
<arg>${m}</arg>
<arg>${mark}</arg>
</arguments>
<status endtime="20180218 12:02:34.747" starttime="20180218 12:02:34.744" status="PASS"></status>
</kw>
<status endtime="20180218 12:02:34.749" starttime="20180218 12:02:34.736" status="PASS"></status>
</kw>
<kw library="keywords.TicTacToeKeywords" name="Mark Location">
<arguments>
<arg>0</arg>
<arg>2</arg>
</arguments>
<status endtime="20180218 12:02:34.753" starttime="20180218 12:02:34.750" status="PASS"></status>
</kw>
<kw name="Check Location">
<arguments>
<arg>0</arg>
<arg>2</arg>
<arg>O</arg>
</arguments>
<kw library="keywords.TicTacToeKeywords" name="Get Mark">
<arguments>
<arg>${row}</arg>
<arg>${col}</arg>
</arguments>
<assign>
<var>${m}</var>
</assign>
<msg level="INFO" timestamp="20180218 12:02:34.760">${m} = O</msg>
<status endtime="20180218 12:02:34.761" starttime="20180218 12:02:34.757" status="PASS"></status>
</kw>
<kw library="BuiltIn" name="Should Be Equal">
<doc>Fails if the given objects are unequal.</doc>
<arguments>
<arg>${m}</arg>
<arg>${mark}</arg>
</arguments>
<status endtime="20180218 12:02:34.765" starttime="20180218 12:02:34.762" status="PASS"></status>
</kw>
<status endtime="20180218 12:02:34.767" starttime="20180218 12:02:34.754" status="PASS"></status>
</kw>
<kw library="keywords.TicTacToeKeywords" name="Mark Location">
<arguments>
<arg>2</arg>
<arg>2</arg>
</arguments>
<status endtime="20180218 12:02:34.771" starttime="20180218 12:02:34.768" status="PASS"></status>
</kw>
<kw name="Check Location">
<arguments>
<arg>2</arg>
<arg>2</arg>
<arg>X</arg>
</arguments>
<kw library="keywords.TicTacToeKeywords" name="Get Mark">
<arguments>
<arg>${row}</arg>
<arg>${col}</arg>
</arguments>
<assign>
<var>${m}</var>
</assign>
<msg level="INFO" timestamp="20180218 12:02:34.778">${m} = X</msg>
<status endtime="20180218 12:02:34.779" starttime="20180218 12:02:34.775" status="PASS"></status>
</kw>
<kw library="BuiltIn" name="Should Be Equal">
<doc>Fails if the given objects are unequal.</doc>
<arguments>
<arg>${m}</arg>
<arg>${mark}</arg>
</arguments>
<status endtime="20180218 12:02:34.784" starttime="20180218 12:02:34.780" status="PASS"></status>
</kw>
<status endtime="20180218 12:02:34.785" starttime="20180218 12:02:34.772" status="PASS"></status>
</kw>
<kw name="Winner Should Be">
<arguments>
<arg>X</arg>
</arguments>
<kw library="keywords.TicTacToeKeywords" name="Get Winner">
<assign>
<var>${m}</var>
</assign>
<msg level="INFO" timestamp="20180218 12:02:34.794">${m} = X</msg>
<status endtime="20180218 12:02:34.822" starttime="20180218 12:02:34.789" status="PASS"></status>
</kw>
<kw library="BuiltIn" name="Should Be Equal">
<doc>Fails if the given objects are unequal.</doc>
<arguments>
<arg>${m}</arg>
<arg>${mark}</arg>
</arguments>
<status endtime="20180218 12:02:34.829" starttime="20180218 12:02:34.824" status="PASS"></status>
</kw>
<status endtime="20180218 12:02:34.830" starttime="20180218 12:02:34.787" status="PASS"></status>
</kw>
<status critical="yes" endtime="20180218 12:02:34.834" starttime="20180218 12:02:34.672" status="PASS"></status>
</test>
<test name="Win Horizontally as O" id="s1-s2-t2">
<kw library="keywords.TicTacToeKeywords" name="Start New Game">
<status endtime="20180218 12:02:34.842" starttime="20180218 12:02:34.839" status="PASS"></status>
</kw>
<kw library="keywords.TicTacToeKeywords" name="Mark Location">
<arguments>
<arg>1</arg>
<arg>1</arg>
</arguments>
<status endtime="20180218 12:02:34.846" starttime="20180218 12:02:34.843" status="PASS"></status>
</kw>
<kw name="Check Location">
<arguments>
<arg>1</arg>
<arg>1</arg>
<arg>X</arg>
</arguments>
<kw library="keywords.TicTacToeKeywords" name="Get Mark">
<arguments>
<arg>${row}</arg>
<arg>${col}</arg>
</arguments>
<assign>
<var>${m}</var>
</assign>
<msg level="INFO" timestamp="20180218 12:02:34.855">${m} = X</msg>
<status endtime="20180218 12:02:34.855" starttime="20180218 12:02:34.851" status="PASS"></status>
</kw>
<kw library="BuiltIn" name="Should Be Equal">
<doc>Fails if the given objects are unequal.</doc>
<arguments>
<arg>${m}</arg>
<arg>${mark}</arg>
</arguments>
<status endtime="20180218 12:02:34.859" starttime="20180218 12:02:34.857" status="PASS"></status>
</kw>
<status endtime="20180218 12:02:34.861" starttime="20180218 12:02:34.847" status="PASS"></status>
</kw>
<kw library="keywords.TicTacToeKeywords" name="Mark Location">
<arguments>
<arg>2</arg>
<arg>0</arg>
</arguments>
<status endtime="20180218 12:02:34.865" starttime="20180218 12:02:34.862" status="PASS"></status>
</kw>
<kw name="Check Location">
<arguments>
<arg>2</arg>
<arg>0</arg>
<arg>O</arg>
</arguments>
<kw library="keywords.TicTacToeKeywords" name="Get Mark">
<arguments>
<arg>${row}</arg>
<arg>${col}</arg>
</arguments>
<assign>
<var>${m}</var>
</assign>
<msg level="INFO" timestamp="20180218 12:02:34.872">${m} = O</msg>
<status endtime="20180218 12:02:34.873" starttime="20180218 12:02:34.869" status="PASS"></status>
</kw>
<kw library="BuiltIn" name="Should Be Equal">
<doc>Fails if the given objects are unequal.</doc>
<arguments>
<arg>${m}</arg>
<arg>${mark}</arg>
</arguments>
<status endtime="20180218 12:02:34.877" starttime="20180218 12:02:34.874" status="PASS"></status>
</kw>
<status endtime="20180218 12:02:34.878" starttime="20180218 12:02:34.866" status="PASS"></status>
</kw>
<kw library="keywords.TicTacToeKeywords" name="Mark Location">
<arguments>
<arg>0</arg>
<arg>0</arg>
</arguments>
<status endtime="20180218 12:02:34.881" starttime="20180218 12:02:34.879" status="PASS"></status>
</kw>
<kw name="Check Location">
<arguments>
<arg>0</arg>
<arg>0</arg>
<arg>X</arg>
</arguments>
<kw library="keywords.TicTacToeKeywords" name="Get Mark">
<arguments>
<arg>${row}</arg>
<arg>${col}</arg>
</arguments>
<assign>
<var>${m}</var>
</assign>
<msg level="INFO" timestamp="20180218 12:02:34.888">${m} = X</msg>
<status endtime="20180218 12:02:34.889" starttime="20180218 12:02:34.885" status="PASS"></status>
</kw>
<kw library="BuiltIn" name="Should Be Equal">
<doc>Fails if the given objects are unequal.</doc>
<arguments>
<arg>${m}</arg>
<arg>${mark}</arg>
</arguments>
<status endtime="20180218 12:02:34.893" starttime="20180218 12:02:34.890" status="PASS"></status>
</kw>
<status endtime="20180218 12:02:34.894" starttime="20180218 12:02:34.882" status="PASS"></status>
</kw>
<kw library="keywords.TicTacToeKeywords" name="Mark Location">
<arguments>
<arg>2</arg>
<arg>2</arg>
</arguments>
<status endtime="20180218 12:02:34.898" starttime="20180218 12:02:34.895" status="PASS"></status>
</kw>
<kw name="Check Location">
<arguments>
<arg>2</arg>
<arg>2</arg>
<arg>O</arg>
</arguments>
<kw library="keywords.TicTacToeKeywords" name="Get Mark">
<arguments>
<arg>${row}</arg>
<arg>${col}</arg>
</arguments>
<assign>
<var>${m}</var>
</assign>
<msg level="INFO" timestamp="20180218 12:02:34.904">${m} = O</msg>
<status endtime="20180218 12:02:34.905" starttime="20180218 12:02:34.901" status="PASS"></status>
</kw>
<kw library="BuiltIn" name="Should Be Equal">
<doc>Fails if the given objects are unequal.</doc>
<arguments>
<arg>${m}</arg>
<arg>${mark}</arg>
</arguments>
<status endtime="20180218 12:02:34.909" starttime="20180218 12:02:34.906" status="PASS"></status>
</kw>
<status endtime="20180218 12:02:34.910" starttime="20180218 12:02:34.899" status="PASS"></status>
</kw>
<kw library="keywords.TicTacToeKeywords" name="Mark Location">
<arguments>
<arg>0</arg>
<arg>2</arg>
</arguments>
<status endtime="20180218 12:02:34.914" starttime="20180218 12:02:34.911" status="PASS"></status>
</kw>
<kw name="Check Location">
<arguments>
<arg>0</arg>
<arg>2</arg>
<arg>X</arg>
</arguments>
<kw library="keywords.TicTacToeKeywords" name="Get Mark">
<arguments>
<arg>${row}</arg>
<arg>${col}</arg>
</arguments>
<assign>
<var>${m}</var>
</assign>
<msg level="INFO" timestamp="20180218 12:02:34.921">${m} = X</msg>
<status endtime="20180218 12:02:34.922" starttime="20180218 12:02:34.918" status="PASS"></status>
</kw>
<kw library="BuiltIn" name="Should Be Equal">
<doc>Fails if the given objects are unequal.</doc>
<arguments>
<arg>${m}</arg>
<arg>${mark}</arg>
</arguments>
<status endtime="20180218 12:02:34.926" starttime="20180218 12:02:34.923" status="PASS"></status>
</kw>
<status endtime="20180218 12:02:34.927" starttime="20180218 12:02:34.915" status="PASS"></status>
</kw>
<kw library="keywords.TicTacToeKeywords" name="Mark Location">
<arguments>
<arg>2</arg>
<arg>1</arg>
</arguments>
<status endtime="20180218 12:02:34.931" starttime="20180218 12:02:34.929" status="PASS"></status>
</kw>
<kw name="Check Location">
<arguments>
<arg>2</arg>
<arg>1</arg>
<arg>O</arg>
</arguments>
<kw library="keywords.TicTacToeKeywords" name="Get Mark">
<arguments>
<arg>${row}</arg>
<arg>${col}</arg>
</arguments>
<assign>
<var>${m}</var>
</assign>
<msg level="INFO" timestamp="20180218 12:02:34.938">${m} = O</msg>
<status endtime="20180218 12:02:34.939" starttime="20180218 12:02:34.935" status="PASS"></status>
</kw>
<kw library="BuiltIn" name="Should Be Equal">
<doc>Fails if the given objects are unequal.</doc>
<arguments>
<arg>${m}</arg>
<arg>${mark}</arg>
</arguments>
<status endtime="20180218 12:02:34.943" starttime="20180218 12:02:34.940" status="PASS"></status>
</kw>
<status endtime="20180218 12:02:34.944" starttime="20180218 12:02:34.932" status="PASS"></status>
</kw>
<kw name="Winner Should Be">
<arguments>
<arg>O</arg>
</arguments>
<kw library="keywords.TicTacToeKeywords" name="Get Winner">
<assign>
<var>${m}</var>
</assign>
<msg level="INFO" timestamp="20180218 12:02:34.950">${m} = O</msg>
<status endtime="20180218 12:02:34.951" starttime="20180218 12:02:34.947" status="PASS"></status>
</kw>
<kw library="BuiltIn" name="Should Be Equal">
<doc>Fails if the given objects are unequal.</doc>
<arguments>
<arg>${m}</arg>
<arg>${mark}</arg>
</arguments>
<status endtime="20180218 12:02:34.959" starttime="20180218 12:02:34.957" status="PASS"></status>
</kw>
<status endtime="20180218 12:02:34.961" starttime="20180218 12:02:34.945" status="PASS"></status>
</kw>
<status critical="yes" endtime="20180218 12:02:34.962" starttime="20180218 12:02:34.837" status="PASS"></status>
</test>
<test name="Force a Tie" id="s1-s2-t3">
<kw library="keywords.TicTacToeKeywords" name="Start New Game">
<status endtime="20180218 12:02:34.972" starttime="20180218 12:02:34.969" status="PASS"></status>
</kw>
<kw library="keywords.TicTacToeKeywords" name="Mark Location">
<arguments>
<arg>1</arg>
<arg>1</arg>
</arguments>
<status endtime="20180218 12:02:34.976" starttime="20180218 12:02:34.973" status="PASS"></status>
</kw>
<kw name="Check Location">
<arguments>
<arg>1</arg>
<arg>1</arg>
<arg>X</arg>
</arguments>
<kw library="keywords.TicTacToeKeywords" name="Get Mark">
<arguments>
<arg>${row}</arg>
<arg>${col}</arg>
</arguments>
<assign>
<var>${m}</var>
</assign>
<msg level="INFO" timestamp="20180218 12:02:34.983">${m} = X</msg>
<status endtime="20180218 12:02:34.983" starttime="20180218 12:02:34.980" status="PASS"></status>
</kw>
<kw library="BuiltIn" name="Should Be Equal">
<doc>Fails if the given objects are unequal.</doc>
<arguments>
<arg>${m}</arg>
<arg>${mark}</arg>
</arguments>
<status endtime="20180218 12:02:34.988" starttime="20180218 12:02:34.984" status="PASS"></status>
</kw>
<status endtime="20180218 12:02:34.990" starttime="20180218 12:02:34.977" status="PASS"></status>
</kw>
<kw library="keywords.TicTacToeKeywords" name="Mark Location">
<arguments>
<arg>0</arg>
<arg>0</arg>
</arguments>
<status endtime="20180218 12:02:34.993" starttime="20180218 12:02:34.991" status="PASS"></status>
</kw>
<kw name="Check Location">
<arguments>
<arg>0</arg>
<arg>0</arg>
<arg>O</arg>
</arguments>
<kw library="keywords.TicTacToeKeywords" name="Get Mark">
<arguments>
<arg>${row}</arg>
<arg>${col}</arg>
</arguments>
<assign>
<var>${m}</var>
</assign>
<msg level="INFO" timestamp="20180218 12:02:34.999">${m} = O</msg>
<status endtime="20180218 12:02:35.000" starttime="20180218 12:02:34.997" status="PASS"></status>
</kw>
<kw library="BuiltIn" name="Should Be Equal">
<doc>Fails if the given objects are unequal.</doc>
<arguments>
<arg>${m}</arg>
<arg>${mark}</arg>
</arguments>
<status endtime="20180218 12:02:35.004" starttime="20180218 12:02:35.001" status="PASS"></status>
</kw>
<status endtime="20180218 12:02:35.005" starttime="20180218 12:02:34.994" status="PASS"></status>
</kw>
<kw library="keywords.TicTacToeKeywords" name="Mark Location">
<arguments>
<arg>2</arg>
<arg>0</arg>
</arguments>
<status endtime="20180218 12:02:35.008" starttime="20180218 12:02:35.006" status="PASS"></status>
</kw>
<kw name="Check Location">
<arguments>
<arg>2</arg>
<arg>0</arg>
<arg>X</arg>
</arguments>
<kw library="keywords.TicTacToeKeywords" name="Get Mark">
<arguments>
<arg>${row}</arg>
<arg>${col}</arg>
</arguments>
<assign>
<var>${m}</var>
</assign>
<msg level="INFO" timestamp="20180218 12:02:35.014">${m} = X</msg>
<status endtime="20180218 12:02:35.014" starttime="20180218 12:02:35.011" status="PASS"></status>
</kw>
<kw library="BuiltIn" name="Should Be Equal">
<doc>Fails if the given objects are unequal.</doc>
<arguments>
<arg>${m}</arg>
<arg>${mark}</arg>
</arguments>
<status endtime="20180218 12:02:35.017" starttime="20180218 12:02:35.015" status="PASS"></status>
</kw>
<status endtime="20180218 12:02:35.019" starttime="20180218 12:02:35.009" status="PASS"></status>
</kw>
<kw library="keywords.TicTacToeKeywords" name="Mark Location">
<arguments>
<arg>0</arg>
<arg>2</arg>
</arguments>
<status endtime="20180218 12:02:35.023" starttime="20180218 12:02:35.020" status="PASS"></status>
</kw>
<kw name="Check Location">
<arguments>
<arg>0</arg>
<arg>2</arg>
<arg>O</arg>
</arguments>
<kw library="keywords.TicTacToeKeywords" name="Get Mark">
<arguments>
<arg>${row}</arg>
<arg>${col}</arg>
</arguments>
<assign>
<var>${m}</var>
</assign>
<msg level="INFO" timestamp="20180218 12:02:35.028">${m} = O</msg>
<status endtime="20180218 12:02:35.029" starttime="20180218 12:02:35.026" status="PASS"></status>
</kw>
<kw library="BuiltIn" name="Should Be Equal">
<doc>Fails if the given objects are unequal.</doc>
<arguments>
<arg>${m}</arg>
<arg>${mark}</arg>
</arguments>
<status endtime="20180218 12:02:35.034" starttime="20180218 12:02:35.030" status="PASS"></status>
</kw>
<status endtime="20180218 12:02:35.035" starttime="20180218 12:02:35.023" status="PASS"></status>
</kw>
<kw library="keywords.TicTacToeKeywords" name="Mark Location">
<arguments>
<arg>0</arg>
<arg>1</arg>
</arguments>
<status endtime="20180218 12:02:35.039" starttime="20180218 12:02:35.037" status="PASS"></status>
</kw>
<kw name="Check Location">
<arguments>
<arg>0</arg>
<arg>1</arg>
<arg>X</arg>
</arguments>
<kw library="keywords.TicTacToeKeywords" name="Get Mark">
<arguments>
<arg>${row}</arg>
<arg>${col}</arg>
</arguments>
<assign>
<var>${m}</var>
</assign>
<msg level="INFO" timestamp="20180218 12:02:35.046">${m} = X</msg>
<status endtime="20180218 12:02:35.046" starttime="20180218 12:02:35.042" status="PASS"></status>
</kw>
<kw library="BuiltIn" name="Should Be Equal">
<doc>Fails if the given objects are unequal.</doc>
<arguments>
<arg>${m}</arg>
<arg>${mark}</arg>
</arguments>
<status endtime="20180218 12:02:35.051" starttime="20180218 12:02:35.047" status="PASS"></status>
</kw>
<status endtime="20180218 12:02:35.052" starttime="20180218 12:02:35.040" status="PASS"></status>
</kw>
<kw library="keywords.TicTacToeKeywords" name="Mark Location">
<arguments>
<arg>2</arg>
<arg>1</arg>
</arguments>
<status endtime="20180218 12:02:35.055" starttime="20180218 12:02:35.053" status="PASS"></status>
</kw>
<kw name="Check Location">
<arguments>
<arg>2</arg>
<arg>1</arg>
<arg>O</arg>
</arguments>
<kw library="keywords.TicTacToeKeywords" name="Get Mark">
<arguments>
<arg>${row}</arg>
<arg>${col}</arg>
</arguments>
<assign>
<var>${m}</var>
</assign>
<msg level="INFO" timestamp="20180218 12:02:35.061">${m} = O</msg>
<status endtime="20180218 12:02:35.062" starttime="20180218 12:02:35.058" status="PASS"></status>
</kw>
<kw library="BuiltIn" name="Should Be Equal">
<doc>Fails if the given objects are unequal.</doc>
<arguments>
<arg>${m}</arg>
<arg>${mark}</arg>
</arguments>
<status endtime="20180218 12:02:35.066" starttime="20180218 12:02:35.063" status="PASS"></status>
</kw>
<status endtime="20180218 12:02:35.067" starttime="20180218 12:02:35.056" status="PASS"></status>
</kw>
<kw library="keywords.TicTacToeKeywords" name="Mark Location">
<arguments>
<arg>1</arg>
<arg>2</arg>
</arguments>
<status endtime="20180218 12:02:35.070" starttime="20180218 12:02:35.068" status="PASS"></status>
</kw>
<kw name="Check Location">
<arguments>
<arg>1</arg>
<arg>2</arg>
<arg>X</arg>
</arguments>
<kw library="keywords.TicTacToeKeywords" name="Get Mark">
<arguments>
<arg>${row}</arg>
<arg>${col}</arg>
</arguments>
<assign>
<var>${m}</var>
</assign>
<msg level="INFO" timestamp="20180218 12:02:35.076">${m} = X</msg>
<status endtime="20180218 12:02:35.077" starttime="20180218 12:02:35.073" status="PASS"></status>
</kw>
<kw library="BuiltIn" name="Should Be Equal">
<doc>Fails if the given objects are unequal.</doc>
<arguments>
<arg>${m}</arg>
<arg>${mark}</arg>
</arguments>
<status endtime="20180218 12:02:35.080" starttime="20180218 12:02:35.078" status="PASS"></status>
</kw>
<status endtime="20180218 12:02:35.081" starttime="20180218 12:02:35.071" status="PASS"></status>
</kw>
<kw library="keywords.TicTacToeKeywords" name="Mark Location">
<arguments>
<arg>1</arg>
<arg>0</arg>
</arguments>
<status endtime="20180218 12:02:35.084" starttime="20180218 12:02:35.082" status="PASS"></status>
</kw>
<kw name="Check Location">
<arguments>
<arg>1</arg>
<arg>0</arg>
<arg>O</arg>
</arguments>
<kw library="keywords.TicTacToeKeywords" name="Get Mark">
<arguments>
<arg>${row}</arg>
<arg>${col}</arg>
</arguments>
<assign>
<var>${m}</var>
</assign>
<msg level="INFO" timestamp="20180218 12:02:35.090">${m} = O</msg>
<status endtime="20180218 12:02:35.090" starttime="20180218 12:02:35.087" status="PASS"></status>
</kw>
<kw library="BuiltIn" name="Should Be Equal">
<doc>Fails if the given objects are unequal.</doc>
<arguments>
<arg>${m}</arg>
<arg>${mark}</arg>
</arguments>
<status endtime="20180218 12:02:35.094" starttime="20180218 12:02:35.091" status="PASS"></status>
</kw>
<status endtime="20180218 12:02:35.095" starttime="20180218 12:02:35.085" status="PASS"></status>
</kw>
<kw library="keywords.TicTacToeKeywords" name="Mark Location">
<arguments>
<arg>2</arg>
<arg>2</arg>
</arguments>
<status endtime="20180218 12:02:35.097" starttime="20180218 12:02:35.096" status="PASS"></status>
</kw>
<kw name="Check Location">
<arguments>
<arg>2</arg>
<arg>2</arg>
<arg>X</arg>
</arguments>
<kw library="keywords.TicTacToeKeywords" name="Get Mark">
<arguments>
<arg>${row}</arg>
<arg>${col}</arg>
</arguments>
<assign>
<var>${m}</var>
</assign>
<msg level="INFO" timestamp="20180218 12:02:35.103">${m} = X</msg>
<status endtime="20180218 12:02:35.104" starttime="20180218 12:02:35.101" status="PASS"></status>
</kw>
<kw library="BuiltIn" name="Should Be Equal">
<doc>Fails if the given objects are unequal.</doc>
<arguments>
<arg>${m}</arg>
<arg>${mark}</arg>
</arguments>
<status endtime="20180218 12:02:35.107" starttime="20180218 12:02:35.105" status="PASS"></status>
</kw>
<status endtime="20180218 12:02:35.108" starttime="20180218 12:02:35.098" status="PASS"></status>
</kw>
<kw name="Winner Should Be">
<arguments>
<arg>TIE</arg>
</arguments>
<kw library="keywords.TicTacToeKeywords" name="Get Winner">
<assign>
<var>${m}</var>
</assign>
<msg level="INFO" timestamp="20180218 12:02:35.113">${m} = TIE</msg>
<status endtime="20180218 12:02:35.114" starttime="20180218 12:02:35.111" status="PASS"></status>
</kw>
<kw library="BuiltIn" name="Should Be Equal">
<doc>Fails if the given objects are unequal.</doc>
<arguments>
<arg>${m}</arg>
<arg>${mark}</arg>
</arguments>
<status endtime="20180218 12:02:35.118" starttime="20180218 12:02:35.115" status="PASS"></status>
</kw>
<status endtime="20180218 12:02:35.119" starttime="20180218 12:02:35.109" status="PASS"></status>
</kw>
<status critical="yes" endtime="20180218 12:02:35.120" starttime="20180218 12:02:34.964" status="PASS"></status>
</test>
<status endtime="20180218 12:02:35.125" starttime="20180218 12:02:34.567" status="PASS"></status>
</suite>
<status endtime="20180218 12:02:35.139" starttime="20180218 12:02:15.949" status="FAIL"></status>
</suite>
<statistics>
<total>
<stat pass="3" fail="3">Critical Tests</stat>
<stat pass="3" fail="3">All Tests</stat>
</total>
<tag>
</tag>
<suite>
<stat pass="3" fail="3" name="Acceptancetest" id="s1">Acceptancetest</stat>
<stat pass="0" fail="3" name="TicTacToeGUITests" id="s1-s1">Acceptancetest.TicTacToeGUITests</stat>
<stat pass="3" fail="0" name="TicTacToeTests" id="s1-s2">Acceptancetest.TicTacToeTests</stat>
</suite>
</statistics>
<errors>
</errors>
</robot>
